06-30 16:49:44 com_github_MitjaNemec_ReplicateLayout.action_replicate_layout 409:Plugin executed on: 'linux'
06-30 16:49:44 com_github_MitjaNemec_ReplicateLayout.action_replicate_layout 410:Plugin executed with python version: '3.12.11 (main, Nov 10 2011, 15:00:00) [GCC 14.3.0]'
06-30 16:49:44 com_github_MitjaNemec_ReplicateLayout.action_replicate_layout 411:KiCad build version: 9.0.2
06-30 16:49:44 com_github_MitjaNemec_ReplicateLayout.action_replicate_layout 412:Plugin version: 4.0.3
06-30 16:49:44 com_github_MitjaNemec_ReplicateLayout.action_replicate_layout 413:Frame repr: <wx._core.Frame object at 0x7a91aaaa5640>
06-30 16:49:44 com_github_MitjaNemec_ReplicateLayout.action_replicate_layout 437:Preparing replicator with Q403 as a reference
06-30 16:49:44 com_github_MitjaNemec_ReplicateLayout.replicate_layout 117:getting a list of all footprints on board
06-30 16:49:44 com_github_MitjaNemec_ReplicateLayout.action_replicate_layout 485:source anchor footprint is 'Q403'
Located on: ['/cell_2/']
With filenames: ['cell_1.kicad_sch']
With sheet_id:['/cell_2/']
06-30 16:49:44 com_github_MitjaNemec_ReplicateLayout.action_replicate_layout 492:Corresponding footprints are 
[('Q503', ['/cell_3/']), ('Q303', ['/cell_1/']), ('Q803', ['/cell_6/']), ('Q1703', ['/cell_15/']), ('Q1103', ['/cell_9/']), ('Q603', ['/cell_4/']), ('Q403', ['/cell_2/']), ('Q1503', ['/cell_13/']), ('Q703', ['/cell_5/']), ('Q1003', ['/cell_8/']), ('Q903', ['/cell_7/']), ('Q1403', ['/cell_12/']), ('Q1803', ['/cell_16/']), ('Q1603', ['/cell_14/']), ('Q1203', ['/cell_10/']), ('Q1303', ['/cell_11/'])]
06-30 16:49:44 com_github_MitjaNemec_ReplicateLayout.action_replicate_layout 504:Showing dialog
06-30 16:49:44 com_github_MitjaNemec_ReplicateLayout.replicate_layout 472:constructing a list of sheets suitable for replication on level:'/cell_2/', file:'cell_1.kicad_sch'
06-30 16:49:44 com_github_MitjaNemec_ReplicateLayout.replicate_layout 509:suitable sheets are:[['/cell_1/'], ['/cell_10/'], ['/cell_11/'], ['/cell_12/'], ['/cell_13/'], ['/cell_14/'], ['/cell_15/'], ['/cell_16/'], ['/cell_3/'], ['/cell_4/'], ['/cell_5/'], ['/cell_6/'], ['/cell_7/'], ['/cell_8/'], ['/cell_9/']]
06-30 16:49:44 com_github_MitjaNemec_ReplicateLayout.replicate_layout 1512:Level selected: ['/cell_2/']
06-30 16:49:44 com_github_MitjaNemec_ReplicateLayout.replicate_layout 1336:Filtering list of tracks
06-30 16:49:44 com_github_MitjaNemec_ReplicateLayout.action_replicate_layout 510:Toolbar position: wx.Point(1490, 115)
06-30 16:49:44 com_github_MitjaNemec_ReplicateLayout.action_replicate_layout 515:Dialog position: wx.Point(1051, 115)
06-30 16:49:46 com_github_MitjaNemec_ReplicateLayout.replicate_layout 472:constructing a list of sheets suitable for replication on level:'/cell_2/', file:'cell_1.kicad_sch'
06-30 16:49:46 com_github_MitjaNemec_ReplicateLayout.replicate_layout 509:suitable sheets are:[['/cell_1/'], ['/cell_10/'], ['/cell_11/'], ['/cell_12/'], ['/cell_13/'], ['/cell_14/'], ['/cell_15/'], ['/cell_16/'], ['/cell_3/'], ['/cell_4/'], ['/cell_5/'], ['/cell_6/'], ['/cell_7/'], ['/cell_8/'], ['/cell_9/']]
06-30 16:49:46 com_github_MitjaNemec_ReplicateLayout.replicate_layout 1512:Level selected: ['/cell_2/']
06-30 16:49:46 com_github_MitjaNemec_ReplicateLayout.replicate_layout 1336:Filtering list of tracks
06-30 16:49:46 com_github_MitjaNemec_ReplicateLayout.replicate_layout 1342:Track group: , src group:
06-30 16:49:46 com_github_MitjaNemec_ReplicateLayout.replicate_layout 1342:Track group: , src group:
06-30 16:49:46 com_github_MitjaNemec_ReplicateLayout.replicate_layout 1342:Track group: , src group:
06-30 16:49:46 com_github_MitjaNemec_ReplicateLayout.replicate_layout 1342:Track group: , src group:
06-30 16:49:46 com_github_MitjaNemec_ReplicateLayout.replicate_layout 1342:Track group: , src group:
06-30 16:49:46 com_github_MitjaNemec_ReplicateLayout.replicate_layout 1342:Track group: , src group:
06-30 16:49:46 com_github_MitjaNemec_ReplicateLayout.replicate_layout 1342:Track group: , src group:
06-30 16:49:46 com_github_MitjaNemec_ReplicateLayout.replicate_layout 1342:Track group: , src group:
06-30 16:49:46 com_github_MitjaNemec_ReplicateLayout.replicate_layout 1342:Track group: , src group:
06-30 16:49:46 com_github_MitjaNemec_ReplicateLayout.replicate_layout 1342:Track group: , src group:
06-30 16:49:46 com_github_MitjaNemec_ReplicateLayout.replicate_layout 1342:Track group: , src group:
06-30 16:49:46 com_github_MitjaNemec_ReplicateLayout.replicate_layout 1342:Track group: , src group:
06-30 16:49:46 com_github_MitjaNemec_ReplicateLayout.replicate_layout 1342:Track group: , src group:
06-30 16:49:46 com_github_MitjaNemec_ReplicateLayout.replicate_layout 1342:Track group: , src group:
06-30 16:49:46 com_github_MitjaNemec_ReplicateLayout.replicate_layout 1342:Track group: , src group:
06-30 16:49:46 com_github_MitjaNemec_ReplicateLayout.replicate_layout 1342:Track group: , src group:
06-30 16:49:46 com_github_MitjaNemec_ReplicateLayout.replicate_layout 1342:Track group: , src group:
06-30 16:49:46 com_github_MitjaNemec_ReplicateLayout.replicate_layout 1342:Track group: , src group:
06-30 16:49:46 com_github_MitjaNemec_ReplicateLayout.replicate_layout 1342:Track group: , src group:
06-30 16:49:46 com_github_MitjaNemec_ReplicateLayout.replicate_layout 1342:Track group: , src group:
06-30 16:49:46 com_github_MitjaNemec_ReplicateLayout.replicate_layout 1342:Track group: , src group:
06-30 16:49:46 com_github_MitjaNemec_ReplicateLayout.replicate_layout 1342:Track group: , src group:
06-30 16:49:46 com_github_MitjaNemec_ReplicateLayout.replicate_layout 1342:Track group: , src group:
06-30 16:49:46 com_github_MitjaNemec_ReplicateLayout.replicate_layout 1342:Track group: , src group:
06-30 16:49:46 com_github_MitjaNemec_ReplicateLayout.replicate_layout 1342:Track group: , src group:
06-30 16:49:46 com_github_MitjaNemec_ReplicateLayout.replicate_layout 1342:Track group: , src group:
06-30 16:49:46 com_github_MitjaNemec_ReplicateLayout.replicate_layout 1342:Track group: , src group:
06-30 16:49:46 com_github_MitjaNemec_ReplicateLayout.replicate_layout 1342:Track group: , src group:
06-30 16:49:46 com_github_MitjaNemec_ReplicateLayout.replicate_layout 1342:Track group: , src group:
06-30 16:49:46 com_github_MitjaNemec_ReplicateLayout.replicate_layout 1342:Track group: , src group:
06-30 16:49:46 com_github_MitjaNemec_ReplicateLayout.replicate_layout 1342:Track group: , src group:
06-30 16:49:46 com_github_MitjaNemec_ReplicateLayout.replicate_layout 1342:Track group: , src group:
06-30 16:49:46 com_github_MitjaNemec_ReplicateLayout.replicate_layout 1342:Track group: , src group:
06-30 16:49:46 com_github_MitjaNemec_ReplicateLayout.replicate_layout 1342:Track group: , src group:
06-30 16:49:46 com_github_MitjaNemec_ReplicateLayout.replicate_layout 1342:Track group: , src group:
06-30 16:49:46 com_github_MitjaNemec_ReplicateLayout.replicate_layout 1342:Track group: , src group:
06-30 16:49:46 com_github_MitjaNemec_ReplicateLayout.replicate_layout 1342:Track group: , src group:
06-30 16:49:46 com_github_MitjaNemec_ReplicateLayout.replicate_layout 1342:Track group: , src group:
06-30 16:49:46 com_github_MitjaNemec_ReplicateLayout.replicate_layout 1342:Track group: , src group:
06-30 16:49:46 com_github_MitjaNemec_ReplicateLayout.replicate_layout 1342:Track group: , src group:
06-30 16:49:46 com_github_MitjaNemec_ReplicateLayout.replicate_layout 1342:Track group: , src group:
06-30 16:49:46 com_github_MitjaNemec_ReplicateLayout.replicate_layout 1342:Track group: , src group:
06-30 16:49:46 com_github_MitjaNemec_ReplicateLayout.replicate_layout 1342:Track group: , src group:
06-30 16:49:46 com_github_MitjaNemec_ReplicateLayout.replicate_layout 1342:Track group: , src group:
06-30 16:49:46 com_github_MitjaNemec_ReplicateLayout.replicate_layout 1342:Track group: , src group:
06-30 16:49:46 com_github_MitjaNemec_ReplicateLayout.replicate_layout 1342:Track group: , src group:
06-30 16:49:46 com_github_MitjaNemec_ReplicateLayout.replicate_layout 1342:Track group: , src group:
06-30 16:49:46 com_github_MitjaNemec_ReplicateLayout.replicate_layout 1342:Track group: , src group:
06-30 16:49:46 com_github_MitjaNemec_ReplicateLayout.replicate_layout 1342:Track group: , src group:
06-30 16:49:46 com_github_MitjaNemec_ReplicateLayout.replicate_layout 1342:Track group: , src group:
06-30 16:49:46 com_github_MitjaNemec_ReplicateLayout.replicate_layout 1342:Track group: , src group:
06-30 16:49:46 com_github_MitjaNemec_ReplicateLayout.replicate_layout 1342:Track group: , src group:
06-30 16:49:46 com_github_MitjaNemec_ReplicateLayout.replicate_layout 1342:Track group: , src group:
06-30 16:49:46 com_github_MitjaNemec_ReplicateLayout.replicate_layout 1342:Track group: , src group:
06-30 16:49:46 com_github_MitjaNemec_ReplicateLayout.replicate_layout 1342:Track group: , src group:
06-30 16:49:46 com_github_MitjaNemec_ReplicateLayout.replicate_layout 1342:Track group: , src group:
06-30 16:49:46 com_github_MitjaNemec_ReplicateLayout.replicate_layout 1342:Track group: , src group:
06-30 16:49:46 com_github_MitjaNemec_ReplicateLayout.replicate_layout 1342:Track group: , src group:
06-30 16:49:46 com_github_MitjaNemec_ReplicateLayout.replicate_layout 1342:Track group: , src group:
06-30 16:49:46 com_github_MitjaNemec_ReplicateLayout.replicate_layout 1342:Track group: , src group:
06-30 16:49:46 com_github_MitjaNemec_ReplicateLayout.replicate_layout 1342:Track group: , src group:
06-30 16:49:46 com_github_MitjaNemec_ReplicateLayout.replicate_layout 1342:Track group: , src group:
06-30 16:49:46 com_github_MitjaNemec_ReplicateLayout.replicate_layout 1342:Track group: , src group:
06-30 16:49:46 com_github_MitjaNemec_ReplicateLayout.replicate_layout 1342:Track group: , src group:
06-30 16:49:46 com_github_MitjaNemec_ReplicateLayout.replicate_layout 1342:Track group: , src group:
06-30 16:49:46 com_github_MitjaNemec_ReplicateLayout.replicate_layout 1342:Track group: , src group:
06-30 16:49:46 com_github_MitjaNemec_ReplicateLayout.replicate_layout 1342:Track group: , src group:
06-30 16:49:46 com_github_MitjaNemec_ReplicateLayout.replicate_layout 1342:Track group: , src group:
06-30 16:49:46 com_github_MitjaNemec_ReplicateLayout.replicate_layout 1342:Track group: , src group:
06-30 16:49:46 com_github_MitjaNemec_ReplicateLayout.replicate_layout 1342:Track group: , src group:
06-30 16:49:46 com_github_MitjaNemec_ReplicateLayout.replicate_layout 1342:Track group: , src group:
06-30 16:49:46 com_github_MitjaNemec_ReplicateLayout.replicate_layout 1342:Track group: , src group:
06-30 16:49:46 com_github_MitjaNemec_ReplicateLayout.replicate_layout 1342:Track group: , src group:
06-30 16:49:46 com_github_MitjaNemec_ReplicateLayout.replicate_layout 1342:Track group: , src group:
06-30 16:49:46 com_github_MitjaNemec_ReplicateLayout.replicate_layout 1342:Track group: , src group:
06-30 16:49:46 com_github_MitjaNemec_ReplicateLayout.replicate_layout 1342:Track group: , src group:
06-30 16:49:46 com_github_MitjaNemec_ReplicateLayout.replicate_layout 1342:Track group: , src group:
06-30 16:49:46 com_github_MitjaNemec_ReplicateLayout.replicate_layout 1342:Track group: , src group:
06-30 16:49:46 com_github_MitjaNemec_ReplicateLayout.replicate_layout 1342:Track group: , src group:
06-30 16:49:46 com_github_MitjaNemec_ReplicateLayout.replicate_layout 1342:Track group: , src group:
06-30 16:49:46 com_github_MitjaNemec_ReplicateLayout.replicate_layout 1342:Track group: , src group:
06-30 16:49:46 com_github_MitjaNemec_ReplicateLayout.replicate_layout 1342:Track group: , src group:
06-30 16:49:46 com_github_MitjaNemec_ReplicateLayout.replicate_layout 1342:Track group: , src group:
06-30 16:49:46 com_github_MitjaNemec_ReplicateLayout.replicate_layout 1342:Track group: , src group:
06-30 16:49:46 com_github_MitjaNemec_ReplicateLayout.replicate_layout 1342:Track group: , src group:
06-30 16:49:46 com_github_MitjaNemec_ReplicateLayout.replicate_layout 1342:Track group: , src group:
06-30 16:49:46 com_github_MitjaNemec_ReplicateLayout.replicate_layout 1342:Track group: , src group:
06-30 16:49:46 com_github_MitjaNemec_ReplicateLayout.replicate_layout 1342:Track group: , src group:
06-30 16:49:46 com_github_MitjaNemec_ReplicateLayout.replicate_layout 1342:Track group: , src group:
06-30 16:49:46 com_github_MitjaNemec_ReplicateLayout.replicate_layout 1342:Track group: , src group:
06-30 16:49:46 com_github_MitjaNemec_ReplicateLayout.replicate_layout 1342:Track group: , src group:
06-30 16:49:46 com_github_MitjaNemec_ReplicateLayout.replicate_layout 1342:Track group: , src group:
06-30 16:49:46 com_github_MitjaNemec_ReplicateLayout.replicate_layout 1342:Track group: , src group:
06-30 16:49:46 com_github_MitjaNemec_ReplicateLayout.replicate_layout 1342:Track group: , src group:
06-30 16:49:46 com_github_MitjaNemec_ReplicateLayout.replicate_layout 1342:Track group: , src group:
06-30 16:49:46 com_github_MitjaNemec_ReplicateLayout.replicate_layout 1342:Track group: , src group:
06-30 16:49:46 com_github_MitjaNemec_ReplicateLayout.replicate_layout 1342:Track group: , src group:
06-30 16:49:46 com_github_MitjaNemec_ReplicateLayout.replicate_layout 1342:Track group: , src group:
06-30 16:49:46 com_github_MitjaNemec_ReplicateLayout.replicate_layout 1342:Track group: , src group:
06-30 16:49:46 com_github_MitjaNemec_ReplicateLayout.replicate_layout 1342:Track group: , src group:
06-30 16:49:46 com_github_MitjaNemec_ReplicateLayout.replicate_layout 1342:Track group: , src group:
06-30 16:49:46 com_github_MitjaNemec_ReplicateLayout.replicate_layout 1342:Track group: , src group:
06-30 16:49:46 com_github_MitjaNemec_ReplicateLayout.replicate_layout 1342:Track group: , src group:
06-30 16:50:19 com_github_MitjaNemec_ReplicateLayout.replicate_layout 472:constructing a list of sheets suitable for replication on level:'/cell_2/', file:'cell_1.kicad_sch'
06-30 16:50:19 com_github_MitjaNemec_ReplicateLayout.replicate_layout 509:suitable sheets are:[['/cell_1/'], ['/cell_10/'], ['/cell_11/'], ['/cell_12/'], ['/cell_13/'], ['/cell_14/'], ['/cell_15/'], ['/cell_16/'], ['/cell_3/'], ['/cell_4/'], ['/cell_5/'], ['/cell_6/'], ['/cell_7/'], ['/cell_8/'], ['/cell_9/']]
06-30 16:50:19 com_github_MitjaNemec_ReplicateLayout.action_replicate_layout 248:Replicating layout
06-30 16:50:19 com_github_MitjaNemec_ReplicateLayout.replicate_layout 288:Starting replication of sheets: [['/cell_1/'], ['/cell_10/'], ['/cell_11/'], ['/cell_12/'], ['/cell_13/'], ['/cell_14/'], ['/cell_15/'], ['/cell_16/'], ['/cell_3/'], ['/cell_4/'], ['/cell_5/'], ['/cell_6/'], ['/cell_7/'], ['/cell_8/'], ['/cell_9/']]
on level: ['/cell_2/']
with tracks=True, zone=True, text=True, text=True, intersecting=False, remove=True, locked footprints=False, group_only=True
06-30 16:50:19 root 340:updating GUI message: 'Preparing for replication'
06-30 16:50:21 root 345:updating GUI with: 0
06-30 16:50:21 com_github_MitjaNemec_ReplicateLayout.replicate_layout 358:Getting the list of source footprints
06-30 16:50:21 root 345:updating GUI with: 0
06-30 16:50:21 com_github_MitjaNemec_ReplicateLayout.replicate_layout 368:Getting the list of all the remaining footprints
06-30 16:50:21 com_github_MitjaNemec_ReplicateLayout.replicate_layout 375:Getting source tracks
06-30 16:50:21 com_github_MitjaNemec_ReplicateLayout.replicate_layout 1336:Filtering list of tracks
06-30 16:50:21 com_github_MitjaNemec_ReplicateLayout.replicate_layout 1342:Track group: , src group:
06-30 16:50:21 com_github_MitjaNemec_ReplicateLayout.replicate_layout 1342:Track group: , src group:
06-30 16:50:21 com_github_MitjaNemec_ReplicateLayout.replicate_layout 1342:Track group: , src group:
06-30 16:50:21 com_github_MitjaNemec_ReplicateLayout.replicate_layout 1342:Track group: , src group:
06-30 16:50:21 com_github_MitjaNemec_ReplicateLayout.replicate_layout 1342:Track group: , src group:
06-30 16:50:21 com_github_MitjaNemec_ReplicateLayout.replicate_layout 1342:Track group: , src group:
06-30 16:50:21 com_github_MitjaNemec_ReplicateLayout.replicate_layout 1342:Track group: , src group:
06-30 16:50:21 com_github_MitjaNemec_ReplicateLayout.replicate_layout 1342:Track group: , src group:
06-30 16:50:21 com_github_MitjaNemec_ReplicateLayout.replicate_layout 1342:Track group: , src group:
06-30 16:50:21 com_github_MitjaNemec_ReplicateLayout.replicate_layout 1342:Track group: , src group:
06-30 16:50:21 com_github_MitjaNemec_ReplicateLayout.replicate_layout 1342:Track group: , src group:
06-30 16:50:21 com_github_MitjaNemec_ReplicateLayout.replicate_layout 1342:Track group: , src group:
06-30 16:50:21 com_github_MitjaNemec_ReplicateLayout.replicate_layout 1342:Track group: , src group:
06-30 16:50:21 com_github_MitjaNemec_ReplicateLayout.replicate_layout 1342:Track group: , src group:
06-30 16:50:21 com_github_MitjaNemec_ReplicateLayout.replicate_layout 1342:Track group: , src group:
06-30 16:50:21 com_github_MitjaNemec_ReplicateLayout.replicate_layout 1342:Track group: , src group:
06-30 16:50:21 com_github_MitjaNemec_ReplicateLayout.replicate_layout 1342:Track group: , src group:
06-30 16:50:21 com_github_MitjaNemec_ReplicateLayout.replicate_layout 1342:Track group: , src group:
06-30 16:50:21 com_github_MitjaNemec_ReplicateLayout.replicate_layout 1342:Track group: , src group:
06-30 16:50:21 com_github_MitjaNemec_ReplicateLayout.replicate_layout 1342:Track group: , src group:
06-30 16:50:21 com_github_MitjaNemec_ReplicateLayout.replicate_layout 1342:Track group: , src group:
06-30 16:50:21 com_github_MitjaNemec_ReplicateLayout.replicate_layout 1342:Track group: , src group:
06-30 16:50:21 com_github_MitjaNemec_ReplicateLayout.replicate_layout 1342:Track group: , src group:
06-30 16:50:21 com_github_MitjaNemec_ReplicateLayout.replicate_layout 1342:Track group: , src group:
06-30 16:50:21 com_github_MitjaNemec_ReplicateLayout.replicate_layout 1342:Track group: , src group:
06-30 16:50:21 com_github_MitjaNemec_ReplicateLayout.replicate_layout 1342:Track group: , src group:
06-30 16:50:21 com_github_MitjaNemec_ReplicateLayout.replicate_layout 1342:Track group: , src group:
06-30 16:50:21 com_github_MitjaNemec_ReplicateLayout.replicate_layout 1342:Track group: , src group:
06-30 16:50:21 com_github_MitjaNemec_ReplicateLayout.replicate_layout 1342:Track group: , src group:
06-30 16:50:21 com_github_MitjaNemec_ReplicateLayout.replicate_layout 1342:Track group: , src group:
06-30 16:50:21 com_github_MitjaNemec_ReplicateLayout.replicate_layout 1342:Track group: , src group:
06-30 16:50:21 com_github_MitjaNemec_ReplicateLayout.replicate_layout 1342:Track group: , src group:
06-30 16:50:21 com_github_MitjaNemec_ReplicateLayout.replicate_layout 1342:Track group: , src group:
06-30 16:50:21 com_github_MitjaNemec_ReplicateLayout.replicate_layout 1342:Track group: , src group:
06-30 16:50:21 com_github_MitjaNemec_ReplicateLayout.replicate_layout 1342:Track group: , src group:
06-30 16:50:21 com_github_MitjaNemec_ReplicateLayout.replicate_layout 1342:Track group: , src group:
06-30 16:50:21 com_github_MitjaNemec_ReplicateLayout.replicate_layout 1342:Track group: , src group:
06-30 16:50:21 com_github_MitjaNemec_ReplicateLayout.replicate_layout 1342:Track group: , src group:
06-30 16:50:21 com_github_MitjaNemec_ReplicateLayout.replicate_layout 1342:Track group: , src group:
06-30 16:50:21 com_github_MitjaNemec_ReplicateLayout.replicate_layout 1342:Track group: , src group:
06-30 16:50:21 com_github_MitjaNemec_ReplicateLayout.replicate_layout 1342:Track group: , src group:
06-30 16:50:21 com_github_MitjaNemec_ReplicateLayout.replicate_layout 1342:Track group: , src group:
06-30 16:50:21 com_github_MitjaNemec_ReplicateLayout.replicate_layout 1342:Track group: , src group:
06-30 16:50:21 com_github_MitjaNemec_ReplicateLayout.replicate_layout 1342:Track group: , src group:
06-30 16:50:21 com_github_MitjaNemec_ReplicateLayout.replicate_layout 1342:Track group: , src group:
06-30 16:50:21 com_github_MitjaNemec_ReplicateLayout.replicate_layout 1342:Track group: , src group:
06-30 16:50:21 com_github_MitjaNemec_ReplicateLayout.replicate_layout 1342:Track group: , src group:
06-30 16:50:21 com_github_MitjaNemec_ReplicateLayout.replicate_layout 1342:Track group: , src group:
06-30 16:50:21 com_github_MitjaNemec_ReplicateLayout.replicate_layout 1342:Track group: , src group:
06-30 16:50:21 com_github_MitjaNemec_ReplicateLayout.replicate_layout 1342:Track group: , src group:
06-30 16:50:21 com_github_MitjaNemec_ReplicateLayout.replicate_layout 1342:Track group: , src group:
06-30 16:50:21 com_github_MitjaNemec_ReplicateLayout.replicate_layout 1342:Track group: , src group:
06-30 16:50:21 com_github_MitjaNemec_ReplicateLayout.replicate_layout 1342:Track group: , src group:
06-30 16:50:21 com_github_MitjaNemec_ReplicateLayout.replicate_layout 1342:Track group: , src group:
06-30 16:50:21 com_github_MitjaNemec_ReplicateLayout.replicate_layout 1342:Track group: , src group:
06-30 16:50:21 com_github_MitjaNemec_ReplicateLayout.replicate_layout 1342:Track group: , src group:
06-30 16:50:21 com_github_MitjaNemec_ReplicateLayout.replicate_layout 1342:Track group: , src group:
06-30 16:50:21 com_github_MitjaNemec_ReplicateLayout.replicate_layout 1342:Track group: , src group:
06-30 16:50:21 com_github_MitjaNemec_ReplicateLayout.replicate_layout 1342:Track group: , src group:
06-30 16:50:21 com_github_MitjaNemec_ReplicateLayout.replicate_layout 1342:Track group: , src group:
06-30 16:50:21 com_github_MitjaNemec_ReplicateLayout.replicate_layout 1342:Track group: , src group:
06-30 16:50:21 com_github_MitjaNemec_ReplicateLayout.replicate_layout 1342:Track group: , src group:
06-30 16:50:21 com_github_MitjaNemec_ReplicateLayout.replicate_layout 1342:Track group: , src group:
06-30 16:50:21 com_github_MitjaNemec_ReplicateLayout.replicate_layout 1342:Track group: , src group:
06-30 16:50:21 com_github_MitjaNemec_ReplicateLayout.replicate_layout 1342:Track group: , src group:
06-30 16:50:21 com_github_MitjaNemec_ReplicateLayout.replicate_layout 1342:Track group: , src group:
06-30 16:50:21 com_github_MitjaNemec_ReplicateLayout.replicate_layout 1342:Track group: , src group:
06-30 16:50:21 com_github_MitjaNemec_ReplicateLayout.replicate_layout 1342:Track group: , src group:
06-30 16:50:21 com_github_MitjaNemec_ReplicateLayout.replicate_layout 1342:Track group: , src group:
06-30 16:50:21 com_github_MitjaNemec_ReplicateLayout.replicate_layout 1342:Track group: , src group:
06-30 16:50:21 com_github_MitjaNemec_ReplicateLayout.replicate_layout 1342:Track group: , src group:
06-30 16:50:21 com_github_MitjaNemec_ReplicateLayout.replicate_layout 1342:Track group: , src group:
06-30 16:50:21 com_github_MitjaNemec_ReplicateLayout.replicate_layout 1342:Track group: , src group:
06-30 16:50:21 com_github_MitjaNemec_ReplicateLayout.replicate_layout 1342:Track group: , src group:
06-30 16:50:21 com_github_MitjaNemec_ReplicateLayout.replicate_layout 1342:Track group: , src group:
06-30 16:50:21 com_github_MitjaNemec_ReplicateLayout.replicate_layout 1342:Track group: , src group:
06-30 16:50:21 com_github_MitjaNemec_ReplicateLayout.replicate_layout 1342:Track group: , src group:
06-30 16:50:21 com_github_MitjaNemec_ReplicateLayout.replicate_layout 1342:Track group: , src group:
06-30 16:50:21 com_github_MitjaNemec_ReplicateLayout.replicate_layout 1342:Track group: , src group:
06-30 16:50:21 com_github_MitjaNemec_ReplicateLayout.replicate_layout 1342:Track group: , src group:
06-30 16:50:21 com_github_MitjaNemec_ReplicateLayout.replicate_layout 1342:Track group: , src group:
06-30 16:50:21 com_github_MitjaNemec_ReplicateLayout.replicate_layout 1342:Track group: , src group:
06-30 16:50:21 com_github_MitjaNemec_ReplicateLayout.replicate_layout 1342:Track group: , src group:
06-30 16:50:21 com_github_MitjaNemec_ReplicateLayout.replicate_layout 1342:Track group: , src group:
06-30 16:50:21 com_github_MitjaNemec_ReplicateLayout.replicate_layout 1342:Track group: , src group:
06-30 16:50:21 com_github_MitjaNemec_ReplicateLayout.replicate_layout 1342:Track group: , src group:
06-30 16:50:21 com_github_MitjaNemec_ReplicateLayout.replicate_layout 1342:Track group: , src group:
06-30 16:50:21 com_github_MitjaNemec_ReplicateLayout.replicate_layout 1342:Track group: , src group:
06-30 16:50:21 com_github_MitjaNemec_ReplicateLayout.replicate_layout 1342:Track group: , src group:
06-30 16:50:21 com_github_MitjaNemec_ReplicateLayout.replicate_layout 1342:Track group: , src group:
06-30 16:50:21 com_github_MitjaNemec_ReplicateLayout.replicate_layout 1342:Track group: , src group:
06-30 16:50:21 com_github_MitjaNemec_ReplicateLayout.replicate_layout 1342:Track group: , src group:
06-30 16:50:21 com_github_MitjaNemec_ReplicateLayout.replicate_layout 1342:Track group: , src group:
06-30 16:50:21 com_github_MitjaNemec_ReplicateLayout.replicate_layout 1342:Track group: , src group:
06-30 16:50:21 com_github_MitjaNemec_ReplicateLayout.replicate_layout 1342:Track group: , src group:
06-30 16:50:21 com_github_MitjaNemec_ReplicateLayout.replicate_layout 1342:Track group: , src group:
06-30 16:50:21 com_github_MitjaNemec_ReplicateLayout.replicate_layout 1342:Track group: , src group:
06-30 16:50:21 com_github_MitjaNemec_ReplicateLayout.replicate_layout 1342:Track group: , src group:
06-30 16:50:21 com_github_MitjaNemec_ReplicateLayout.replicate_layout 1342:Track group: , src group:
06-30 16:50:21 com_github_MitjaNemec_ReplicateLayout.replicate_layout 1342:Track group: , src group:
06-30 16:50:21 com_github_MitjaNemec_ReplicateLayout.replicate_layout 1342:Track group: , src group:
06-30 16:50:21 com_github_MitjaNemec_ReplicateLayout.replicate_layout 1342:Track group: , src group:
06-30 16:50:21 com_github_MitjaNemec_ReplicateLayout.replicate_layout 1342:Track group: , src group:
06-30 16:50:21 com_github_MitjaNemec_ReplicateLayout.replicate_layout 379:Getting source zones
06-30 16:50:21 root 345:updating GUI with: 50
06-30 16:50:21 com_github_MitjaNemec_ReplicateLayout.replicate_layout 383:Getting source text items
06-30 16:50:21 root 345:updating GUI with: 66
06-30 16:50:21 com_github_MitjaNemec_ReplicateLayout.replicate_layout 387:Getting source drawing items
